<?xml version="1.0" encoding="UTF-8"?>
<!-- Generated by org.testng.reporters.JUnitXMLReporter -->
<testsuite hostname="Ravi-PC" name="Test" tests="1" failures="1" timestamp="15 Jul 2016 07:44:58 GMT" time="0.031" errors="0">
  <testcase name="f" time="0.014" classname="samplePackage.NewTest">
    <failure type="java.lang.AssertionError" message="The following asserts failed:
not matching expected [ko] but found [HI]">
      <![CDATA[java.lang.AssertionError: The following asserts failed:
not matching expected [ko] but found [HI]
	at samplePackage.NewTest.f(NewTest.java:12)
... Removed 25 stack frames]]>
    </failure>
  </testcase> <!-- f -->
</testsuite> <!-- Test -->
